<?xml version="1.0" encoding="UTF-8"?>
<!-- Generated by org.testng.reporters.JUnitXMLReporter -->
<testsuite ignored="0" hostname="vijays-Air" failures="0" tests="6" name="Test" time="20.803" errors="0" timestamp="2023-09-18T22:45:24 CEST">
  <testcase classname="unibet.test.MobileBaseTest" name="@BeforeTest setUp" time="0.047">
    <failure type="java.lang.NullPointerException">
      <![CDATA[java.lang.NullPointerException
at java.base/java.io.FileOutputStream.<init>(FileOutputStream.java:227)
at java.base/java.io.FileOutputStream.<init>(FileOutputStream.java:185)
at org.openqa.selenium.remote.service.DriverService$Builder.getLogOutput(DriverService.java:448)
at org.openqa.selenium.remote.service.DriverService$Builder.build(DriverService.java:495)
at unibet.test.MobileBaseTest.setUp(MobileBaseTest.java:27)
... Removed 22 stack frames]]>
    </failure>
  </testcase> <!-- @BeforeTest setUp -->
  <testcase classname="unibet.test.SearchTest" name="testHappyFlowWithMatchingString" time="1.341"/>
  <testcase classname="unibet.test.SearchTest" name="testSearchWithSpecialCharacters" time="1.282"/>
  <testcase classname="unibet.test.SearchTest" name="testUnhappyFlowWithNoResultsFound" time="2.031"/>
  <testcase classname="unibet.test.MobileSearchTest" name="testHappyFlowWithMatchingString" time="0.0">
    <skipped/>
  </testcase> <!-- testHappyFlowWithMatchingString -->
  <testcase classname="unibet.test.MobileSearchTest" name="testSearchWithSpecialCharacters" time="0.0">
    <skipped/>
  </testcase> <!-- testSearchWithSpecialCharacters -->
  <testcase classname="unibet.test.MobileSearchTest" name="testUnhappyFlowWithNoResultsFound" time="0.0">
    <skipped/>
  </testcase> <!-- testUnhappyFlowWithNoResultsFound -->
</testsuite> <!-- Test -->
